[0.016s] Invoking command in '/home/amarnandi/MAR_abhi/build/yolobot_description': CMAKE_PREFIX_PATH=${CMAKE_PREFIX_PATH}:/home/amarnandi/turtlebot3_ws/install/turtlebot3_teleop:/home/amarnandi/turtlebot3_ws/install/turtlebot3_example:/opt/ros/humble /usr/bin/cmake /home/amarnandi/MAR_abhi/Autonomous-robot-for-fire-detection/src/yolobot_description -DCMAKE_INSTALL_PREFIX=/home/amarnandi/MAR_abhi/install/yolobot_description
[0.064s] -- The C compiler identification is GNU 11.4.0
[0.098s] -- The CXX compiler identification is GNU 11.4.0
[0.103s] -- Detecting C compiler ABI info
[0.153s] -- Detecting C compiler ABI info - done
[0.159s] -- Check for working C compiler: /usr/bin/cc - skipped
[0.159s] -- Detecting C compile features
[0.160s] -- Detecting C compile features - done
[0.162s] -- Detecting CXX compiler ABI info
[0.219s] -- Detecting CXX compiler ABI info - done
[0.225s] -- Check for working CXX compiler: /usr/bin/c++ - skipped
[0.225s] -- Detecting CXX compile features
[0.225s] -- Detecting CXX compile features - done
[0.227s] -- Found ament_cmake: 1.3.14 (/opt/ros/humble/share/ament_cmake/cmake)
[0.354s] -- Found Python3: /usr/bin/python3 (found version "3.10.12") found components: Interpreter 
[0.432s] -- Found urdf: 2.6.1 (/opt/ros/humble/share/urdf/cmake)
[0.475s] -- Found ament_lint_auto: 0.12.15 (/opt/ros/humble/share/ament_lint_auto/cmake)
[0.539s] -- Added test 'copyright' to check source files copyright and LICENSE
[0.540s] -- Added test 'flake8' to check Python code syntax and style conventions
[0.541s] -- Added test 'lint_cmake' to check CMake code style
[0.541s] -- Added test 'pep257' to check Python code against some of the docstring style conventions in PEP 257
[0.542s] -- Added test 'xmllint' to check XML markup files
[0.543s] -- Configuring done
[0.544s] -- Generating done
[0.545s] -- Build files have been written to: /home/amarnandi/MAR_abhi/build/yolobot_description
[0.550s] Invoked command in '/home/amarnandi/MAR_abhi/build/yolobot_description' returned '0': CMAKE_PREFIX_PATH=${CMAKE_PREFIX_PATH}:/home/amarnandi/turtlebot3_ws/install/turtlebot3_teleop:/home/amarnandi/turtlebot3_ws/install/turtlebot3_example:/opt/ros/humble /usr/bin/cmake /home/amarnandi/MAR_abhi/Autonomous-robot-for-fire-detection/src/yolobot_description -DCMAKE_INSTALL_PREFIX=/home/amarnandi/MAR_abhi/install/yolobot_description
[0.551s] Invoking command in '/home/amarnandi/MAR_abhi/build/yolobot_description': CMAKE_PREFIX_PATH=${CMAKE_PREFIX_PATH}:/home/amarnandi/turtlebot3_ws/install/turtlebot3_teleop:/home/amarnandi/turtlebot3_ws/install/turtlebot3_example:/opt/ros/humble /usr/bin/cmake --build /home/amarnandi/MAR_abhi/build/yolobot_description -- -j12 -l12
[0.602s] Invoked command in '/home/amarnandi/MAR_abhi/build/yolobot_description' returned '0': CMAKE_PREFIX_PATH=${CMAKE_PREFIX_PATH}:/home/amarnandi/turtlebot3_ws/install/turtlebot3_teleop:/home/amarnandi/turtlebot3_ws/install/turtlebot3_example:/opt/ros/humble /usr/bin/cmake --build /home/amarnandi/MAR_abhi/build/yolobot_description -- -j12 -l12
[0.603s] Invoking command in '/home/amarnandi/MAR_abhi/build/yolobot_description': CMAKE_PREFIX_PATH=${CMAKE_PREFIX_PATH}:/home/amarnandi/turtlebot3_ws/install/turtlebot3_teleop:/home/amarnandi/turtlebot3_ws/install/turtlebot3_example:/opt/ros/humble /usr/bin/cmake --install /home/amarnandi/MAR_abhi/build/yolobot_description
[0.608s] -- Install configuration: ""
[0.608s] -- Installing: /home/amarnandi/MAR_abhi/install/yolobot_description/share/yolobot_description//launch
[0.608s] -- Installing: /home/amarnandi/MAR_abhi/install/yolobot_description/share/yolobot_description//launch/spawn_yolobot_launch.launch.py
[0.608s] -- Installing: /home/amarnandi/MAR_abhi/install/yolobot_description/share/yolobot_description//launch/spawn_yolobot.py
[0.608s] -- Installing: /home/amarnandi/MAR_abhi/install/yolobot_description/share/yolobot_description//robot
[0.608s] -- Installing: /home/amarnandi/MAR_abhi/install/yolobot_description/share/yolobot_description//robot/yolobot.urdf
[0.608s] -- Installing: /home/amarnandi/MAR_abhi/install/yolobot_description/lib/yolobot_description/spawn_yolobot.py
[0.608s] -- Installing: /home/amarnandi/MAR_abhi/install/yolobot_description/share/ament_index/resource_index/package_run_dependencies/yolobot_description
[0.608s] -- Installing: /home/amarnandi/MAR_abhi/install/yolobot_description/share/ament_index/resource_index/parent_prefix_path/yolobot_description
[0.608s] -- Installing: /home/amarnandi/MAR_abhi/install/yolobot_description/share/yolobot_description/environment/ament_prefix_path.sh
[0.608s] -- Installing: /home/amarnandi/MAR_abhi/install/yolobot_description/share/yolobot_description/environment/ament_prefix_path.dsv
[0.609s] -- Installing: /home/amarnandi/MAR_abhi/install/yolobot_description/share/yolobot_description/environment/path.sh
[0.609s] -- Installing: /home/amarnandi/MAR_abhi/install/yolobot_description/share/yolobot_description/environment/path.dsv
[0.609s] -- Installing: /home/amarnandi/MAR_abhi/install/yolobot_description/share/yolobot_description/local_setup.bash
[0.609s] -- Installing: /home/amarnandi/MAR_abhi/install/yolobot_description/share/yolobot_description/local_setup.sh
[0.609s] -- Installing: /home/amarnandi/MAR_abhi/install/yolobot_description/share/yolobot_description/local_setup.zsh
[0.609s] -- Installing: /home/amarnandi/MAR_abhi/install/yolobot_description/share/yolobot_description/local_setup.dsv
[0.609s] -- Installing: /home/amarnandi/MAR_abhi/install/yolobot_description/share/yolobot_description/package.dsv
[0.609s] -- Installing: /home/amarnandi/MAR_abhi/install/yolobot_description/share/ament_index/resource_index/packages/yolobot_description
[0.609s] -- Installing: /home/amarnandi/MAR_abhi/install/yolobot_description/share/yolobot_description/cmake/yolobot_descriptionConfig.cmake
[0.609s] -- Installing: /home/amarnandi/MAR_abhi/install/yolobot_description/share/yolobot_description/cmake/yolobot_descriptionConfig-version.cmake
[0.609s] -- Installing: /home/amarnandi/MAR_abhi/install/yolobot_description/share/yolobot_description/package.xml
[0.610s] Invoked command in '/home/amarnandi/MAR_abhi/build/yolobot_description' returned '0': CMAKE_PREFIX_PATH=${CMAKE_PREFIX_PATH}:/home/amarnandi/turtlebot3_ws/install/turtlebot3_teleop:/home/amarnandi/turtlebot3_ws/install/turtlebot3_example:/opt/ros/humble /usr/bin/cmake --install /home/amarnandi/MAR_abhi/build/yolobot_description
