[0.018s] Invoking command in '/home/amarnandi/MAR_abhi/build/yolobot_control': CMAKE_PREFIX_PATH=${CMAKE_PREFIX_PATH}:/home/amarnandi/turtlebot3_ws/install/turtlebot3_teleop:/home/amarnandi/turtlebot3_ws/install/turtlebot3_example:/opt/ros/humble /usr/bin/cmake /home/amarnandi/MAR_abhi/Autonomous-robot-for-fire-detection/src/yolobot_control -DCMAKE_INSTALL_PREFIX=/home/amarnandi/MAR_abhi/install/yolobot_control
[0.062s] -- The C compiler identification is GNU 11.4.0
[0.101s] -- The CXX compiler identification is GNU 11.4.0
[0.106s] -- Detecting C compiler ABI info
[0.157s] -- Detecting C compiler ABI info - done
[0.161s] -- Check for working C compiler: /usr/bin/cc - skipped
[0.161s] -- Detecting C compile features
[0.162s] -- Detecting C compile features - done
[0.164s] -- Detecting CXX compiler ABI info
[0.221s] -- Detecting CXX compiler ABI info - done
[0.226s] -- Check for working CXX compiler: /usr/bin/c++ - skipped
[0.226s] -- Detecting CXX compile features
[0.226s] -- Detecting CXX compile features - done
[0.229s] -- Found ament_cmake: 1.3.14 (/opt/ros/humble/share/ament_cmake/cmake)
[0.353s] -- Found Python3: /usr/bin/python3 (found version "3.10.12") found components: Interpreter 
[0.438s] -- Found ament_lint_auto: 0.12.15 (/opt/ros/humble/share/ament_lint_auto/cmake)
[0.516s] -- Added test 'copyright' to check source files copyright and LICENSE
[0.517s] -- Added test 'flake8' to check Python code syntax and style conventions
[0.517s] -- Added test 'lint_cmake' to check CMake code style
[0.517s] -- Added test 'pep257' to check Python code against some of the docstring style conventions in PEP 257
[0.518s] -- Added test 'xmllint' to check XML markup files
[0.519s] -- Configuring done
[0.520s] -- Generating done
[0.521s] -- Build files have been written to: /home/amarnandi/MAR_abhi/build/yolobot_control
[0.524s] Invoked command in '/home/amarnandi/MAR_abhi/build/yolobot_control' returned '0': CMAKE_PREFIX_PATH=${CMAKE_PREFIX_PATH}:/home/amarnandi/turtlebot3_ws/install/turtlebot3_teleop:/home/amarnandi/turtlebot3_ws/install/turtlebot3_example:/opt/ros/humble /usr/bin/cmake /home/amarnandi/MAR_abhi/Autonomous-robot-for-fire-detection/src/yolobot_control -DCMAKE_INSTALL_PREFIX=/home/amarnandi/MAR_abhi/install/yolobot_control
[0.526s] Invoking command in '/home/amarnandi/MAR_abhi/build/yolobot_control': CMAKE_PREFIX_PATH=${CMAKE_PREFIX_PATH}:/home/amarnandi/turtlebot3_ws/install/turtlebot3_teleop:/home/amarnandi/turtlebot3_ws/install/turtlebot3_example:/opt/ros/humble /usr/bin/cmake --build /home/amarnandi/MAR_abhi/build/yolobot_control -- -j12 -l12
[0.557s] Invoked command in '/home/amarnandi/MAR_abhi/build/yolobot_control' returned '0': CMAKE_PREFIX_PATH=${CMAKE_PREFIX_PATH}:/home/amarnandi/turtlebot3_ws/install/turtlebot3_teleop:/home/amarnandi/turtlebot3_ws/install/turtlebot3_example:/opt/ros/humble /usr/bin/cmake --build /home/amarnandi/MAR_abhi/build/yolobot_control -- -j12 -l12
[0.567s] Invoking command in '/home/amarnandi/MAR_abhi/build/yolobot_control': CMAKE_PREFIX_PATH=${CMAKE_PREFIX_PATH}:/home/amarnandi/turtlebot3_ws/install/turtlebot3_teleop:/home/amarnandi/turtlebot3_ws/install/turtlebot3_example:/opt/ros/humble /usr/bin/cmake --install /home/amarnandi/MAR_abhi/build/yolobot_control
[0.571s] -- Install configuration: ""
[0.572s] -- Installing: /home/amarnandi/MAR_abhi/install/yolobot_control/share/yolobot_control//scripts
[0.572s] -- Installing: /home/amarnandi/MAR_abhi/install/yolobot_control/share/yolobot_control//scripts/robot_control.py
[0.572s] -- Installing: /home/amarnandi/MAR_abhi/install/yolobot_control/share/yolobot_control//launch
[0.572s] -- Installing: /home/amarnandi/MAR_abhi/install/yolobot_control/share/yolobot_control//launch/yolobot_control.launch.py
[0.573s] -- Installing: /home/amarnandi/MAR_abhi/install/yolobot_control/lib/yolobot_control/robot_control.py
[0.573s] -- Installing: /home/amarnandi/MAR_abhi/install/yolobot_control/lib/yolobot_control/yolobot_control.launch.py
[0.573s] -- Installing: /home/amarnandi/MAR_abhi/install/yolobot_control/share/ament_index/resource_index/package_run_dependencies/yolobot_control
[0.573s] -- Installing: /home/amarnandi/MAR_abhi/install/yolobot_control/share/ament_index/resource_index/parent_prefix_path/yolobot_control
[0.573s] -- Installing: /home/amarnandi/MAR_abhi/install/yolobot_control/share/yolobot_control/environment/ament_prefix_path.sh
[0.573s] -- Installing: /home/amarnandi/MAR_abhi/install/yolobot_control/share/yolobot_control/environment/ament_prefix_path.dsv
[0.573s] -- Installing: /home/amarnandi/MAR_abhi/install/yolobot_control/share/yolobot_control/environment/path.sh
[0.573s] -- Installing: /home/amarnandi/MAR_abhi/install/yolobot_control/share/yolobot_control/environment/path.dsv
[0.573s] -- Installing: /home/amarnandi/MAR_abhi/install/yolobot_control/share/yolobot_control/local_setup.bash
[0.573s] -- Installing: /home/amarnandi/MAR_abhi/install/yolobot_control/share/yolobot_control/local_setup.sh
[0.573s] -- Installing: /home/amarnandi/MAR_abhi/install/yolobot_control/share/yolobot_control/local_setup.zsh
[0.574s] -- Installing: /home/amarnandi/MAR_abhi/install/yolobot_control/share/yolobot_control/local_setup.dsv
[0.574s] -- Installing: /home/amarnandi/MAR_abhi/install/yolobot_control/share/yolobot_control/package.dsv
[0.574s] -- Installing: /home/amarnandi/MAR_abhi/install/yolobot_control/share/ament_index/resource_index/packages/yolobot_control
[0.574s] -- Installing: /home/amarnandi/MAR_abhi/install/yolobot_control/share/yolobot_control/cmake/yolobot_controlConfig.cmake
[0.574s] -- Installing: /home/amarnandi/MAR_abhi/install/yolobot_control/share/yolobot_control/cmake/yolobot_controlConfig-version.cmake
[0.574s] -- Installing: /home/amarnandi/MAR_abhi/install/yolobot_control/share/yolobot_control/package.xml
[0.575s] Invoked command in '/home/amarnandi/MAR_abhi/build/yolobot_control' returned '0': CMAKE_PREFIX_PATH=${CMAKE_PREFIX_PATH}:/home/amarnandi/turtlebot3_ws/install/turtlebot3_teleop:/home/amarnandi/turtlebot3_ws/install/turtlebot3_example:/opt/ros/humble /usr/bin/cmake --install /home/amarnandi/MAR_abhi/build/yolobot_control
