[0.015s] Invoking command in '/home/amarnandi/MAR_abhi/build/yolobot_gazebo': CMAKE_PREFIX_PATH=${CMAKE_PREFIX_PATH}:/home/amarnandi/turtlebot3_ws/install/turtlebot3_teleop:/home/amarnandi/turtlebot3_ws/install/turtlebot3_example:/opt/ros/humble /usr/bin/cmake /home/amarnandi/MAR_abhi/Autonomous-robot-for-fire-detection/src/yolobot_gazebo -DCMAKE_INSTALL_PREFIX=/home/amarnandi/MAR_abhi/install/yolobot_gazebo
[0.064s] -- The C compiler identification is GNU 11.4.0
[0.110s] -- The CXX compiler identification is GNU 11.4.0
[0.115s] -- Detecting C compiler ABI info
[0.168s] -- Detecting C compiler ABI info - done
[0.175s] -- Check for working C compiler: /usr/bin/cc - skipped
[0.175s] -- Detecting C compile features
[0.175s] -- Detecting C compile features - done
[0.177s] -- Detecting CXX compiler ABI info
[0.236s] -- Detecting CXX compiler ABI info - done
[0.246s] -- Check for working CXX compiler: /usr/bin/c++ - skipped
[0.246s] -- Detecting CXX compile features
[0.246s] -- Detecting CXX compile features - done
[0.248s] -- Found ament_cmake: 1.3.14 (/opt/ros/humble/share/ament_cmake/cmake)
[0.366s] -- Found Python3: /usr/bin/python3 (found version "3.10.12") found components: Interpreter 
[0.452s] -- Found rclpy: 3.3.21 (/opt/ros/humble/share/rclpy/cmake)
[0.454s] -- Found ament_lint_auto: 0.12.15 (/opt/ros/humble/share/ament_lint_auto/cmake)
[0.523s] -- Added test 'copyright' to check source files copyright and LICENSE
[0.526s] -- Added test 'flake8' to check Python code syntax and style conventions
[0.527s] -- Added test 'lint_cmake' to check CMake code style
[0.527s] -- Added test 'pep257' to check Python code against some of the docstring style conventions in PEP 257
[0.527s] -- Added test 'xmllint' to check XML markup files
[0.527s] -- Configuring done
[0.529s] -- Generating done
[0.530s] -- Build files have been written to: /home/amarnandi/MAR_abhi/build/yolobot_gazebo
[0.533s] Invoked command in '/home/amarnandi/MAR_abhi/build/yolobot_gazebo' returned '0': CMAKE_PREFIX_PATH=${CMAKE_PREFIX_PATH}:/home/amarnandi/turtlebot3_ws/install/turtlebot3_teleop:/home/amarnandi/turtlebot3_ws/install/turtlebot3_example:/opt/ros/humble /usr/bin/cmake /home/amarnandi/MAR_abhi/Autonomous-robot-for-fire-detection/src/yolobot_gazebo -DCMAKE_INSTALL_PREFIX=/home/amarnandi/MAR_abhi/install/yolobot_gazebo
[0.535s] Invoking command in '/home/amarnandi/MAR_abhi/build/yolobot_gazebo': CMAKE_PREFIX_PATH=${CMAKE_PREFIX_PATH}:/home/amarnandi/turtlebot3_ws/install/turtlebot3_teleop:/home/amarnandi/turtlebot3_ws/install/turtlebot3_example:/opt/ros/humble /usr/bin/cmake --build /home/amarnandi/MAR_abhi/build/yolobot_gazebo -- -j12 -l12
[0.562s] Invoked command in '/home/amarnandi/MAR_abhi/build/yolobot_gazebo' returned '0': CMAKE_PREFIX_PATH=${CMAKE_PREFIX_PATH}:/home/amarnandi/turtlebot3_ws/install/turtlebot3_teleop:/home/amarnandi/turtlebot3_ws/install/turtlebot3_example:/opt/ros/humble /usr/bin/cmake --build /home/amarnandi/MAR_abhi/build/yolobot_gazebo -- -j12 -l12
[0.564s] Invoking command in '/home/amarnandi/MAR_abhi/build/yolobot_gazebo': CMAKE_PREFIX_PATH=${CMAKE_PREFIX_PATH}:/home/amarnandi/turtlebot3_ws/install/turtlebot3_teleop:/home/amarnandi/turtlebot3_ws/install/turtlebot3_example:/opt/ros/humble /usr/bin/cmake --install /home/amarnandi/MAR_abhi/build/yolobot_gazebo
[0.570s] -- Install configuration: ""
[0.570s] -- Installing: /home/amarnandi/MAR_abhi/install/yolobot_gazebo/share/yolobot_gazebo//launch
[0.570s] -- Installing: /home/amarnandi/MAR_abhi/install/yolobot_gazebo/share/yolobot_gazebo//launch/yolobot_launch.py
[0.570s] -- Installing: /home/amarnandi/MAR_abhi/install/yolobot_gazebo/share/yolobot_gazebo//launch/__pycache__
[0.571s] -- Installing: /home/amarnandi/MAR_abhi/install/yolobot_gazebo/share/yolobot_gazebo//launch/__pycache__/yolobot_launch.cpython-310.pyc
[0.571s] -- Installing: /home/amarnandi/MAR_abhi/install/yolobot_gazebo/share/yolobot_gazebo//launch/start_world_launch.py
[0.571s] -- Installing: /home/amarnandi/MAR_abhi/install/yolobot_gazebo/share/yolobot_gazebo//worlds
[0.571s] -- Installing: /home/amarnandi/MAR_abhi/install/yolobot_gazebo/share/yolobot_gazebo//worlds/yolo_test1.world
[0.572s] -- Installing: /home/amarnandi/MAR_abhi/install/yolobot_gazebo/share/yolobot_gazebo//worlds/yolo_test3.world
[0.572s] -- Installing: /home/amarnandi/MAR_abhi/install/yolobot_gazebo/share/yolobot_gazebo//worlds/yolo_test.world
[0.572s] -- Installing: /home/amarnandi/MAR_abhi/install/yolobot_gazebo/share/yolobot_gazebo//worlds/yolo_test5.world
[0.573s] -- Installing: /home/amarnandi/MAR_abhi/install/yolobot_gazebo/share/yolobot_gazebo//worlds/yolo_test2.world
[0.573s] -- Installing: /home/amarnandi/MAR_abhi/install/yolobot_gazebo/share/yolobot_gazebo//worlds/yolo_test6.world
[0.574s] -- Installing: /home/amarnandi/MAR_abhi/install/yolobot_gazebo/share/ament_index/resource_index/package_run_dependencies/yolobot_gazebo
[0.574s] -- Installing: /home/amarnandi/MAR_abhi/install/yolobot_gazebo/share/ament_index/resource_index/parent_prefix_path/yolobot_gazebo
[0.574s] -- Installing: /home/amarnandi/MAR_abhi/install/yolobot_gazebo/share/yolobot_gazebo/environment/ament_prefix_path.sh
[0.574s] -- Installing: /home/amarnandi/MAR_abhi/install/yolobot_gazebo/share/yolobot_gazebo/environment/ament_prefix_path.dsv
[0.574s] -- Installing: /home/amarnandi/MAR_abhi/install/yolobot_gazebo/share/yolobot_gazebo/environment/path.sh
[0.574s] -- Installing: /home/amarnandi/MAR_abhi/install/yolobot_gazebo/share/yolobot_gazebo/environment/path.dsv
[0.574s] -- Installing: /home/amarnandi/MAR_abhi/install/yolobot_gazebo/share/yolobot_gazebo/local_setup.bash
[0.574s] -- Installing: /home/amarnandi/MAR_abhi/install/yolobot_gazebo/share/yolobot_gazebo/local_setup.sh
[0.574s] -- Installing: /home/amarnandi/MAR_abhi/install/yolobot_gazebo/share/yolobot_gazebo/local_setup.zsh
[0.574s] -- Installing: /home/amarnandi/MAR_abhi/install/yolobot_gazebo/share/yolobot_gazebo/local_setup.dsv
[0.574s] -- Installing: /home/amarnandi/MAR_abhi/install/yolobot_gazebo/share/yolobot_gazebo/package.dsv
[0.575s] -- Installing: /home/amarnandi/MAR_abhi/install/yolobot_gazebo/share/ament_index/resource_index/packages/yolobot_gazebo
[0.575s] -- Installing: /home/amarnandi/MAR_abhi/install/yolobot_gazebo/share/yolobot_gazebo/cmake/yolobot_gazeboConfig.cmake
[0.575s] -- Installing: /home/amarnandi/MAR_abhi/install/yolobot_gazebo/share/yolobot_gazebo/cmake/yolobot_gazeboConfig-version.cmake
[0.575s] -- Installing: /home/amarnandi/MAR_abhi/install/yolobot_gazebo/share/yolobot_gazebo/package.xml
[0.585s] Invoked command in '/home/amarnandi/MAR_abhi/build/yolobot_gazebo' returned '0': CMAKE_PREFIX_PATH=${CMAKE_PREFIX_PATH}:/home/amarnandi/turtlebot3_ws/install/turtlebot3_teleop:/home/amarnandi/turtlebot3_ws/install/turtlebot3_example:/opt/ros/humble /usr/bin/cmake --install /home/amarnandi/MAR_abhi/build/yolobot_gazebo
